[35m[Appium][39m Welcome to Appium v1.22.3
[35m[Appium][39m Non-default server args:
[35m[Appium][39m   port: 64487
[35m[Appium][39m   loglevel: info
[35m[Appium][39m   tmpDir: C:\Users\CIkal\AppData\Local\Temp\\Katalon\Appium\Temp1707798700627
[35m[Appium][39m   chromedriverPort: 64488
[35m[Appium][39m Deprecated server args:
[35m[Appium][39m   [31m--chromedriver-port[39m => --default-capabilities
[35m[Appium][39m Default capabilities, which will be added to each request unless overridden by desired capabilities:
[35m[Appium][39m   chromedriverPort: 64488
[35m[Appium][39m Appium REST http interface listener started on 0.0.0.0:64487
[35m[HTTP][39m [37m-->[39m [37mGET[39m [37m/wd/hub/status[39m
[35m[HTTP][39m [90m{}[39m
[35m[HTTP][39m [37m<-- GET /wd/hub/status [39m[32m200[39m [90m7 ms - 68[39m
[35m[HTTP][39m [90m[39m
[35m[HTTP][39m [37m-->[39m [37mPOST[39m [37m/wd/hub/session[39m
[35m[HTTP][39m [90m{"desiredCapabilities":{"app":"D:\\BFLP\\Bootcamp\\Materi\\Solodroid_E-CommerceApp Demo_3.2.0.apk","noReset":false,"deviceName":"emulator-5554 (Android SDK built for x86 - Android 11)","fullReset":true,"platform":"ANDROID","newCommandTimeout":1800,"platformVersion":"11","automationName":"uiautomator2","autoGrantPermissions":true,"platformName":"Android","udid":"emulator-5554","systemPort":64486},"capabilities":{"firstMatch":[{"appium:app":"D:\\BFLP\\Bootcamp\\Materi\\Solodroid_E-CommerceApp Demo_3.2.0.apk","appium:autoGrantPermissions":true,"appium:automationName":"uiautomator2","appium:deviceName":"emulator-5554 (Android SDK built for x86 - Android 11)","appium:fullReset":true,"appium:newCommandTimeout":1800,"appium:noReset":false,"platform":"ANDROID","platformName":"android","appium:platformVersion":"11","appium:systemPort":64486,"appium:udid":"emulator-5554"}]}}[39m
[35m[BaseDriver][39m The following capabilities are not standard capabilities and should have an extension prefix:
[35m[BaseDriver][39m   platform
[35m[BaseDriver][39m   chromedriverPort
[35m[Appium][39m Appium v1.22.3 creating new AndroidUiautomator2Driver (v1.70.1) session
[35m[BaseDriver][39m The following capabilities were provided, but are not recognized by Appium:
[35m[BaseDriver][39m   platform
[35m[BaseDriver][39m Session created with session id: c0050fe3-c868-4026-9c8e-6d1598708720
[35m[BaseDriver][39m Using local app 'D:\BFLP\Bootcamp\Materi\Solodroid_E-CommerceApp Demo_3.2.0.apk'
[35m[ADB][39m Found 1 'build-tools' folders under 'C:\Users\CIkal\.katalon\tools\android_sdk' (newest first):
[35m[ADB][39m     C:/Users/CIkal/.katalon/tools/android_sdk/build-tools/29.0.3
[35m[ADB][39m Using 'adb.exe' from 'C:\Users\CIkal\.katalon\tools\android_sdk\platform-tools\adb.exe'
[35m[AndroidDriver][39m Retrieving device list
[35m[AndroidDriver][39m Using device: emulator-5554
[35m[ADB][39m Using 'adb.exe' from 'C:\Users\CIkal\.katalon\tools\android_sdk\platform-tools\adb.exe'
[35m[ADB][39m Getting device platform version
[35m[UiAutomator2][39m Relaxing hidden api policy
[35m[ADB][39m Package name: 'com.solodroid.solomerce'
[35m[ADB][39m Main activity name: 'com.solodroid.solomerce.activities.ActivitySplash'
[35m[ADB][39m Using 'apksigner.jar' from 'C:\Users\CIkal\.katalon\tools\android_sdk\build-tools\29.0.3\lib\apksigner.jar'
[35m[ADB][39m 'C:\Users\CIkal\AppData\Roaming\npm\node_modules\appium\node_modules\appium-uiautomator2-server\apks\appium-uiautomator2-server-v4.27.0.apk' is signed with the default certificate
[35m[ADB][39m 'C:\Users\CIkal\AppData\Roaming\npm\node_modules\appium\node_modules\appium-uiautomator2-server\apks\appium-uiautomator2-server-debug-androidTest.apk' is signed with the default certificate
[35m[UiAutomator2][39m Server packages are not going to be (re)installed
[35m[ADB][39m Adding packages ["io.appium.settings","io.appium.uiautomator2.server","io.appium.uiautomator2.server.test"] to Doze whitelist
[35m[ADB][39m 'D:\BFLP\Bootcamp\Materi\Solodroid_E-CommerceApp Demo_3.2.0.apk' is signed with a non-default certificate
[35m[ADB][39m com.solodroid.solomerce was not uninstalled, because it was not present on the device
[35m[ADB][39m The application at 'D:\BFLP\Bootcamp\Materi\Solodroid_E-CommerceApp Demo_3.2.0.apk' will not be cached, because the device under test has confirmed the support of streamed installs
[35m[ADB][39m The installation of 'Solodroid_E-CommerceApp Demo_3.2.0.apk' took 3047ms
[35m[UiAutomator2][39m Starting UIAutomator2 server 4.27.0
[35m[UiAutomator2][39m Using UIAutomator2 server from 'C:\Users\CIkal\AppData\Roaming\npm\node_modules\appium\node_modules\appium-uiautomator2-server\apks\appium-uiautomator2-server-v4.27.0.apk' and test from 'C:\Users\CIkal\AppData\Roaming\npm\node_modules\appium\node_modules\appium-uiautomator2-server\apks\appium-uiautomator2-server-debug-androidTest.apk'
[35m[UiAutomator2][39m Waiting up to 30000ms for UiAutomator2 to be online...
[35m[WD Proxy][39m socket hang up
[35m[WD Proxy][39m socket hang up
[35m[WD Proxy][39m socket hang up
[35m[WD Proxy][39m Determined the downstream protocol as 'W3C'
[35m[AndroidDriver][39m Screen already unlocked, doing nothing
[35m[UiAutomator2][39m Starting 'com.solodroid.solomerce/com.solodroid.solomerce.activities.ActivitySplash and waiting for 'com.solodroid.solomerce/com.solodroid.solomerce.activities.ActivitySplash'
[35m[Appium][39m New AndroidUiautomator2Driver session created successfully, session c0050fe3-c868-4026-9c8e-6d1598708720 added to master session list
[35m[HTTP][39m [37m<-- POST /wd/hub/session [39m[32m200[39m [90m14490 ms - 1342[39m
[35m[HTTP][39m [90m[39m
[35m[HTTP][39m [37m-->[39m [37mGET[39m [37m/wd/hub/session/c0050fe3-c868-4026-9c8e-6d1598708720[39m
[35m[HTTP][39m [90m{}[39m
[35m[HTTP][39m [37m<-- GET /wd/hub/session/c0050fe3-c868-4026-9c8e-6d1598708720 [39m[32m200[39m [90m47 ms - 1296[39m
[35m[HTTP][39m [90m[39m
[35m[HTTP][39m [37m-->[39m [37mGET[39m [37m/wd/hub/session/c0050fe3-c868-4026-9c8e-6d1598708720[39m
[35m[HTTP][39m [90m{}[39m
[35m[HTTP][39m [37m<-- GET /wd/hub/session/c0050fe3-c868-4026-9c8e-6d1598708720 [39m[32m200[39m [90m52 ms - 1296[39m
[35m[HTTP][39m [90m[39m
[35m[HTTP][39m [37m-->[39m [37mGET[39m [37m/wd/hub/status[39m
[35m[HTTP][39m [90m{}[39m
[35m[HTTP][39m [37m<-- GET /wd/hub/status [39m[32m200[39m [90m2 ms - 68[39m
[35m[HTTP][39m [90m[39m
[35m[HTTP][39m [37m-->[39m [37mPOST[39m [37m/wd/hub/session/c0050fe3-c868-4026-9c8e-6d1598708720/timeouts[39m
[35m[HTTP][39m [90m{"implicit":30000}[39m
[35m[HTTP][39m [37m<-- POST /wd/hub/session/c0050fe3-c868-4026-9c8e-6d1598708720/timeouts [39m[32m200[39m [90m7 ms - 14[39m
[35m[HTTP][39m [90m[39m
[35m[HTTP][39m [37m-->[39m [37mGET[39m [37m/wd/hub/session/c0050fe3-c868-4026-9c8e-6d1598708720/screenshot[39m
[35m[HTTP][39m [90m{}[39m
[35m[HTTP][39m [37m<-- GET /wd/hub/session/c0050fe3-c868-4026-9c8e-6d1598708720/screenshot [39m[32m200[39m [90m1025 ms - 328180[39m
[35m[HTTP][39m [90m[39m
[35m[HTTP][39m [37m-->[39m [37mGET[39m [37m/wd/hub/session/c0050fe3-c868-4026-9c8e-6d1598708720/window/rect[39m
[35m[HTTP][39m [90m{}[39m
[35m[HTTP][39m [37m<-- GET /wd/hub/session/c0050fe3-c868-4026-9c8e-6d1598708720/window/rect [39m[32m200[39m [90m157 ms - 50[39m
[35m[HTTP][39m [90m[39m
[35m[HTTP][39m [37m-->[39m [37mGET[39m [37m/wd/hub/session/c0050fe3-c868-4026-9c8e-6d1598708720/appium/device/system_bars[39m
[35m[HTTP][39m [90m{}[39m
[35m[HTTP][39m [37m<-- GET /wd/hub/session/c0050fe3-c868-4026-9c8e-6d1598708720/appium/device/system_bars [39m[32m200[39m [90m439 ms - 149[39m
[35m[HTTP][39m [90m[39m
[35m[HTTP][39m [37m-->[39m [37mPOST[39m [37m/wd/hub/session/c0050fe3-c868-4026-9c8e-6d1598708720/timeouts[39m
[35m[HTTP][39m [90m{"implicit":50}[39m
[35m[HTTP][39m [37m<-- POST /wd/hub/session/c0050fe3-c868-4026-9c8e-6d1598708720/timeouts [39m[32m200[39m [90m7 ms - 14[39m
[35m[HTTP][39m [90m[39m
[35m[HTTP][39m [37m-->[39m [37mGET[39m [37m/wd/hub/session/c0050fe3-c868-4026-9c8e-6d1598708720/window/rect[39m
[35m[HTTP][39m [90m{}[39m
[35m[HTTP][39m [37m<-- GET /wd/hub/session/c0050fe3-c868-4026-9c8e-6d1598708720/window/rect [39m[32m200[39m [90m37 ms - 50[39m
[35m[HTTP][39m [90m[39m
[35m[HTTP][39m [37m-->[39m [37mPOST[39m [37m/wd/hub/session/c0050fe3-c868-4026-9c8e-6d1598708720/elements[39m
[35m[HTTP][39m [90m{"using":"xpath","value":"//hierarchy/android.widget.FrameLayout[1]/android.widget.LinearLayout[1]/android.widget.FrameLayout[1]/android.widget.LinearLayout[1]/android.widget.FrameLayout[1]/android.widget.RelativeLayout[1]/android.view.ViewGroup[1]/androidx.viewpager.widget.ViewPager[1]/android.widget.LinearLayout[1]/android.view.ViewGroup[1]/androidx.recyclerview.widget.RecyclerView[1]/android.widget.FrameLayout[3]/android.widget.RelativeLayout[1]/android.view.ViewGroup[1]/android.widget.ImageView[1]"}[39m
[35m[HTTP][39m [37m<-- POST /wd/hub/session/c0050fe3-c868-4026-9c8e-6d1598708720/elements [39m[32m200[39m [90m3046 ms - 139[39m
[35m[HTTP][39m [90m[39m
[35m[HTTP][39m [37m-->[39m [37mGET[39m [37m/wd/hub/session/c0050fe3-c868-4026-9c8e-6d1598708720/element/00000000-0000-021c-ffff-ffff000000a6/location[39m
[35m[HTTP][39m [90m{}[39m
[35m[W3C (c0050fe3)][39m Driver proxy active, passing request on via HTTP proxy
[35m[WD Proxy][39m Replacing sessionId 08aa89b7-d7e9-47c4-8818-4de9812a79a5 with c0050fe3-c868-4026-9c8e-6d1598708720
[35m[HTTP][39m [37m<-- GET /wd/hub/session/c0050fe3-c868-4026-9c8e-6d1598708720/element/00000000-0000-021c-ffff-ffff000000a6/location [39m[32m200[39m [90m20 ms - 78[39m
[35m[HTTP][39m [90m[39m
[35m[HTTP][39m [37m-->[39m [37mPOST[39m [37m/wd/hub/session/c0050fe3-c868-4026-9c8e-6d1598708720/timeouts[39m
[35m[HTTP][39m [90m{"implicit":30000}[39m
[35m[HTTP][39m [37m<-- POST /wd/hub/session/c0050fe3-c868-4026-9c8e-6d1598708720/timeouts [39m[32m200[39m [90m2 ms - 14[39m
[35m[HTTP][39m [90m[39m
[35m[HTTP][39m [37m-->[39m [37mPOST[39m [37m/wd/hub/session/c0050fe3-c868-4026-9c8e-6d1598708720/element/00000000-0000-021c-ffff-ffff000000a6/click[39m
[35m[HTTP][39m [90m{"id":"00000000-0000-021c-ffff-ffff000000a6"}[39m
[35m[HTTP][39m [37m<-- POST /wd/hub/session/c0050fe3-c868-4026-9c8e-6d1598708720/element/00000000-0000-021c-ffff-ffff000000a6/click [39m[32m200[39m [90m98 ms - 14[39m
[35m[HTTP][39m [90m[39m
[35m[HTTP][39m [37m-->[39m [37mPOST[39m [37m/wd/hub/session/c0050fe3-c868-4026-9c8e-6d1598708720/timeouts[39m
[35m[HTTP][39m [90m{"implicit":50}[39m
[35m[HTTP][39m [37m<-- POST /wd/hub/session/c0050fe3-c868-4026-9c8e-6d1598708720/timeouts [39m[32m200[39m [90m5 ms - 14[39m
[35m[HTTP][39m [90m[39m
[35m[HTTP][39m [37m-->[39m [37mGET[39m [37m/wd/hub/session/c0050fe3-c868-4026-9c8e-6d1598708720/window/rect[39m
[35m[HTTP][39m [90m{}[39m
[35m[HTTP][39m [37m<-- GET /wd/hub/session/c0050fe3-c868-4026-9c8e-6d1598708720/window/rect [39m[32m200[39m [90m19 ms - 50[39m
[35m[HTTP][39m [90m[39m
[35m[HTTP][39m [37m-->[39m [37mPOST[39m [37m/wd/hub/session/c0050fe3-c868-4026-9c8e-6d1598708720/elements[39m
[35m[HTTP][39m [90m{"using":"xpath","value":"//*[@class = 'android.widget.Button' and (@text = 'ADD TO CART' or . = 'ADD TO CART') and @resource-id = 'com.solodroid.solomerce:id/btn_add_cart']"}[39m
[35m[HTTP][39m [37m<-- POST /wd/hub/session/c0050fe3-c868-4026-9c8e-6d1598708720/elements [39m[32m200[39m [90m2494 ms - 12[39m
[35m[HTTP][39m [90m[39m
[35m[HTTP][39m [37m-->[39m [37mPOST[39m [37m/wd/hub/session/c0050fe3-c868-4026-9c8e-6d1598708720/elements[39m
[35m[HTTP][39m [90m{"using":"xpath","value":"//*[@class = 'android.widget.Button' and (@text = 'ADD TO CART' or . = 'ADD TO CART') and @resource-id = 'com.solodroid.solomerce:id/btn_add_cart']"}[39m
[35m[HTTP][39m [37m<-- POST /wd/hub/session/c0050fe3-c868-4026-9c8e-6d1598708720/elements [39m[32m200[39m [90m1185 ms - 139[39m
[35m[HTTP][39m [90m[39m
[35m[HTTP][39m [37m-->[39m [37mGET[39m [37m/wd/hub/session/c0050fe3-c868-4026-9c8e-6d1598708720/element/00000000-0000-021d-ffff-ffff000000dc/location[39m
[35m[HTTP][39m [90m{}[39m
[35m[W3C (c0050fe3)][39m Driver proxy active, passing request on via HTTP proxy
[35m[WD Proxy][39m Replacing sessionId 08aa89b7-d7e9-47c4-8818-4de9812a79a5 with c0050fe3-c868-4026-9c8e-6d1598708720
[35m[HTTP][39m [37m<-- GET /wd/hub/session/c0050fe3-c868-4026-9c8e-6d1598708720/element/00000000-0000-021d-ffff-ffff000000dc/location [39m[32m200[39m [90m467 ms - 77[39m
[35m[HTTP][39m [90m[39m
[35m[HTTP][39m [37m-->[39m [37mPOST[39m [37m/wd/hub/session/c0050fe3-c868-4026-9c8e-6d1598708720/timeouts[39m
[35m[HTTP][39m [90m{"implicit":30000}[39m
[35m[HTTP][39m [37m<-- POST /wd/hub/session/c0050fe3-c868-4026-9c8e-6d1598708720/timeouts [39m[32m200[39m [90m1 ms - 14[39m
[35m[HTTP][39m [90m[39m
[35m[HTTP][39m [37m-->[39m [37mPOST[39m [37m/wd/hub/session/c0050fe3-c868-4026-9c8e-6d1598708720/element/00000000-0000-021d-ffff-ffff000000dc/click[39m
[35m[HTTP][39m [90m{"id":"00000000-0000-021d-ffff-ffff000000dc"}[39m
[35m[HTTP][39m [37m<-- POST /wd/hub/session/c0050fe3-c868-4026-9c8e-6d1598708720/element/00000000-0000-021d-ffff-ffff000000dc/click [39m[32m200[39m [90m88 ms - 14[39m
[35m[HTTP][39m [90m[39m
[35m[HTTP][39m [37m-->[39m [37mPOST[39m [37m/wd/hub/session/c0050fe3-c868-4026-9c8e-6d1598708720/timeouts[39m
[35m[HTTP][39m [90m{"implicit":50}[39m
[35m[HTTP][39m [37m<-- POST /wd/hub/session/c0050fe3-c868-4026-9c8e-6d1598708720/timeouts [39m[32m200[39m [90m2 ms - 14[39m
[35m[HTTP][39m [90m[39m
[35m[HTTP][39m [37m-->[39m [37mGET[39m [37m/wd/hub/session/c0050fe3-c868-4026-9c8e-6d1598708720/window/rect[39m
[35m[HTTP][39m [90m{}[39m
[35m[HTTP][39m [37m<-- GET /wd/hub/session/c0050fe3-c868-4026-9c8e-6d1598708720/window/rect [39m[32m200[39m [90m37 ms - 50[39m
[35m[HTTP][39m [90m[39m
[35m[HTTP][39m [37m-->[39m [37mPOST[39m [37m/wd/hub/session/c0050fe3-c868-4026-9c8e-6d1598708720/elements[39m
[35m[HTTP][39m [90m{"using":"xpath","value":"//*[@class = 'android.widget.EditText' and @resource-id = 'com.solodroid.solomerce:id/userInputDialog' and (@text = '' or . = '')]"}[39m
[35m[HTTP][39m [37m<-- POST /wd/hub/session/c0050fe3-c868-4026-9c8e-6d1598708720/elements [39m[32m200[39m [90m487 ms - 12[39m
[35m[HTTP][39m [90m[39m
[35m[HTTP][39m [37m-->[39m [37mPOST[39m [37m/wd/hub/session/c0050fe3-c868-4026-9c8e-6d1598708720/elements[39m
[35m[HTTP][39m [90m{"using":"xpath","value":"//*[@class = 'android.widget.EditText' and @resource-id = 'com.solodroid.solomerce:id/userInputDialog' and (@text = '' or . = '')]"}[39m
[35m[HTTP][39m [37m<-- POST /wd/hub/session/c0050fe3-c868-4026-9c8e-6d1598708720/elements [39m[32m200[39m [90m720 ms - 139[39m
[35m[HTTP][39m [90m[39m
[35m[HTTP][39m [37m-->[39m [37mGET[39m [37m/wd/hub/session/c0050fe3-c868-4026-9c8e-6d1598708720/element/00000000-0000-021e-ffff-ffff000000f5/location[39m
[35m[HTTP][39m [90m{}[39m
[35m[W3C (c0050fe3)][39m Driver proxy active, passing request on via HTTP proxy
[35m[WD Proxy][39m Replacing sessionId 08aa89b7-d7e9-47c4-8818-4de9812a79a5 with c0050fe3-c868-4026-9c8e-6d1598708720
[35m[HTTP][39m [37m<-- GET /wd/hub/session/c0050fe3-c868-4026-9c8e-6d1598708720/element/00000000-0000-021e-ffff-ffff000000f5/location [39m[32m200[39m [90m31 ms - 79[39m
[35m[HTTP][39m [90m[39m
[35m[HTTP][39m [37m-->[39m [37mPOST[39m [37m/wd/hub/session/c0050fe3-c868-4026-9c8e-6d1598708720/timeouts[39m
[35m[HTTP][39m [90m{"implicit":30000}[39m
[35m[HTTP][39m [37m<-- POST /wd/hub/session/c0050fe3-c868-4026-9c8e-6d1598708720/timeouts [39m[32m200[39m [90m3 ms - 14[39m
[35m[HTTP][39m [90m[39m
[35m[HTTP][39m [37m-->[39m [37mPOST[39m [37m/wd/hub/session/c0050fe3-c868-4026-9c8e-6d1598708720/element/00000000-0000-021e-ffff-ffff000000f5/clear[39m
[35m[HTTP][39m [90m{"id":"00000000-0000-021e-ffff-ffff000000f5"}[39m
[35m[HTTP][39m [37m<-- POST /wd/hub/session/c0050fe3-c868-4026-9c8e-6d1598708720/element/00000000-0000-021e-ffff-ffff000000f5/clear [39m[32m200[39m [90m32 ms - 14[39m
[35m[HTTP][39m [90m[39m
[35m[HTTP][39m [37m-->[39m [37mPOST[39m [37m/wd/hub/session/c0050fe3-c868-4026-9c8e-6d1598708720/element/00000000-0000-021e-ffff-ffff000000f5/value[39m
[35m[HTTP][39m [90m{"id":"00000000-0000-021e-ffff-ffff000000f5","text":"1","value":["1"]}[39m
[35m[HTTP][39m [37m<-- POST /wd/hub/session/c0050fe3-c868-4026-9c8e-6d1598708720/element/00000000-0000-021e-ffff-ffff000000f5/value [39m[32m200[39m [90m864 ms - 14[39m
[35m[HTTP][39m [90m[39m
[35m[HTTP][39m [37m-->[39m [37mPOST[39m [37m/wd/hub/session/c0050fe3-c868-4026-9c8e-6d1598708720/timeouts[39m
[35m[HTTP][39m [90m{"implicit":50}[39m
[35m[HTTP][39m [37m<-- POST /wd/hub/session/c0050fe3-c868-4026-9c8e-6d1598708720/timeouts [39m[32m200[39m [90m5 ms - 14[39m
[35m[HTTP][39m [90m[39m
[35m[HTTP][39m [37m-->[39m [37mGET[39m [37m/wd/hub/session/c0050fe3-c868-4026-9c8e-6d1598708720/window/rect[39m
[35m[HTTP][39m [90m{}[39m
[35m[HTTP][39m [37m<-- GET /wd/hub/session/c0050fe3-c868-4026-9c8e-6d1598708720/window/rect [39m[32m200[39m [90m31 ms - 50[39m
[35m[HTTP][39m [90m[39m
[35m[HTTP][39m [37m-->[39m [37mPOST[39m [37m/wd/hub/session/c0050fe3-c868-4026-9c8e-6d1598708720/elements[39m
[35m[HTTP][39m [90m{"using":"xpath","value":"//*[@class = 'android.widget.Button' and (@text = 'ADD' or . = 'ADD') and @resource-id = 'android:id/button1']"}[39m
[35m[HTTP][39m [37m<-- POST /wd/hub/session/c0050fe3-c868-4026-9c8e-6d1598708720/elements [39m[32m200[39m [90m409 ms - 139[39m
[35m[HTTP][39m [90m[39m
[35m[HTTP][39m [37m-->[39m [37mGET[39m [37m/wd/hub/session/c0050fe3-c868-4026-9c8e-6d1598708720/element/00000000-0000-021e-ffff-ffff000000fb/location[39m
[35m[HTTP][39m [90m{}[39m
[35m[W3C (c0050fe3)][39m Driver proxy active, passing request on via HTTP proxy
[35m[WD Proxy][39m Replacing sessionId 08aa89b7-d7e9-47c4-8818-4de9812a79a5 with c0050fe3-c868-4026-9c8e-6d1598708720
[35m[HTTP][39m [37m<-- GET /wd/hub/session/c0050fe3-c868-4026-9c8e-6d1598708720/element/00000000-0000-021e-ffff-ffff000000fb/location [39m[32m200[39m [90m21 ms - 79[39m
[35m[HTTP][39m [90m[39m
[35m[HTTP][39m [37m-->[39m [37mPOST[39m [37m/wd/hub/session/c0050fe3-c868-4026-9c8e-6d1598708720/timeouts[39m
[35m[HTTP][39m [90m{"implicit":30000}[39m
[35m[HTTP][39m [37m<-- POST /wd/hub/session/c0050fe3-c868-4026-9c8e-6d1598708720/timeouts [39m[32m200[39m [90m1 ms - 14[39m
[35m[HTTP][39m [90m[39m
[35m[HTTP][39m [37m-->[39m [37mPOST[39m [37m/wd/hub/session/c0050fe3-c868-4026-9c8e-6d1598708720/element/00000000-0000-021e-ffff-ffff000000fb/click[39m
[35m[HTTP][39m [90m{"id":"00000000-0000-021e-ffff-ffff000000fb"}[39m
[35m[HTTP][39m [37m<-- POST /wd/hub/session/c0050fe3-c868-4026-9c8e-6d1598708720/element/00000000-0000-021e-ffff-ffff000000fb/click [39m[32m200[39m [90m111 ms - 14[39m
[35m[HTTP][39m [90m[39m
[35m[HTTP][39m [37m-->[39m [37mPOST[39m [37m/wd/hub/session/c0050fe3-c868-4026-9c8e-6d1598708720/timeouts[39m
[35m[HTTP][39m [90m{"implicit":50}[39m
[35m[HTTP][39m [37m<-- POST /wd/hub/session/c0050fe3-c868-4026-9c8e-6d1598708720/timeouts [39m[32m200[39m [90m2 ms - 14[39m
[35m[HTTP][39m [90m[39m
[35m[HTTP][39m [37m-->[39m [37mGET[39m [37m/wd/hub/session/c0050fe3-c868-4026-9c8e-6d1598708720/window/rect[39m
[35m[HTTP][39m [90m{}[39m
[35m[HTTP][39m [37m<-- GET /wd/hub/session/c0050fe3-c868-4026-9c8e-6d1598708720/window/rect [39m[32m200[39m [90m35 ms - 50[39m
[35m[HTTP][39m [90m[39m
[35m[HTTP][39m [37m-->[39m [37mPOST[39m [37m/wd/hub/session/c0050fe3-c868-4026-9c8e-6d1598708720/elements[39m
[35m[HTTP][39m [90m{"using":"xpath","value":"//*[@class = 'android.widget.TextView' and @resource-id = 'com.solodroid.solomerce:id/cart' and (@text = '' or . = '')]"}[39m
[35m[HTTP][39m [37m<-- POST /wd/hub/session/c0050fe3-c868-4026-9c8e-6d1598708720/elements [39m[32m200[39m [90m730 ms - 139[39m
[35m[HTTP][39m [90m[39m
[35m[HTTP][39m [37m-->[39m [37mGET[39m [37m/wd/hub/session/c0050fe3-c868-4026-9c8e-6d1598708720/element/00000000-0000-021d-ffff-ffff000000e2/location[39m
[35m[HTTP][39m [90m{}[39m
[35m[W3C (c0050fe3)][39m Driver proxy active, passing request on via HTTP proxy
[35m[WD Proxy][39m Replacing sessionId 08aa89b7-d7e9-47c4-8818-4de9812a79a5 with c0050fe3-c868-4026-9c8e-6d1598708720
[35m[HTTP][39m [37m<-- GET /wd/hub/session/c0050fe3-c868-4026-9c8e-6d1598708720/element/00000000-0000-021d-ffff-ffff000000e2/location [39m[32m200[39m [90m25 ms - 78[39m
[35m[HTTP][39m [90m[39m
[35m[HTTP][39m [37m-->[39m [37mPOST[39m [37m/wd/hub/session/c0050fe3-c868-4026-9c8e-6d1598708720/timeouts[39m
[35m[HTTP][39m [90m{"implicit":30000}[39m
[35m[HTTP][39m [37m<-- POST /wd/hub/session/c0050fe3-c868-4026-9c8e-6d1598708720/timeouts [39m[32m200[39m [90m2 ms - 14[39m
[35m[HTTP][39m [90m[39m
[35m[HTTP][39m [37m-->[39m [37mPOST[39m [37m/wd/hub/session/c0050fe3-c868-4026-9c8e-6d1598708720/element/00000000-0000-021d-ffff-ffff000000e2/click[39m
[35m[HTTP][39m [90m{"id":"00000000-0000-021d-ffff-ffff000000e2"}[39m
[35m[HTTP][39m [37m<-- POST /wd/hub/session/c0050fe3-c868-4026-9c8e-6d1598708720/element/00000000-0000-021d-ffff-ffff000000e2/click [39m[32m200[39m [90m82 ms - 14[39m
[35m[HTTP][39m [90m[39m
[35m[HTTP][39m [37m-->[39m [37mPOST[39m [37m/wd/hub/session/c0050fe3-c868-4026-9c8e-6d1598708720/timeouts[39m
[35m[HTTP][39m [90m{"implicit":50}[39m
[35m[HTTP][39m [37m<-- POST /wd/hub/session/c0050fe3-c868-4026-9c8e-6d1598708720/timeouts [39m[32m200[39m [90m2 ms - 14[39m
[35m[HTTP][39m [90m[39m
[35m[HTTP][39m [37m-->[39m [37mGET[39m [37m/wd/hub/session/c0050fe3-c868-4026-9c8e-6d1598708720/window/rect[39m
[35m[HTTP][39m [90m{}[39m
[35m[HTTP][39m [37m<-- GET /wd/hub/session/c0050fe3-c868-4026-9c8e-6d1598708720/window/rect [39m[32m200[39m [90m64 ms - 50[39m
[35m[HTTP][39m [90m[39m
[35m[HTTP][39m [37m-->[39m [37mPOST[39m [37m/wd/hub/session/c0050fe3-c868-4026-9c8e-6d1598708720/elements[39m
[35m[HTTP][39m [90m{"using":"xpath","value":"//*[@class = 'android.widget.Button' and (@text = 'CHECKOUT' or . = 'CHECKOUT') and @resource-id = 'com.solodroid.solomerce:id/btn_checkout']"}[39m
[35m[HTTP][39m [37m<-- POST /wd/hub/session/c0050fe3-c868-4026-9c8e-6d1598708720/elements [39m[32m200[39m [90m963 ms - 139[39m
[35m[HTTP][39m [90m[39m
[35m[HTTP][39m [37m-->[39m [37mGET[39m [37m/wd/hub/session/c0050fe3-c868-4026-9c8e-6d1598708720/element/00000000-0000-0220-ffff-ffff00000110/location[39m
[35m[HTTP][39m [90m{}[39m
[35m[W3C (c0050fe3)][39m Driver proxy active, passing request on via HTTP proxy
[35m[WD Proxy][39m Replacing sessionId 08aa89b7-d7e9-47c4-8818-4de9812a79a5 with c0050fe3-c868-4026-9c8e-6d1598708720
[35m[HTTP][39m [37m<-- GET /wd/hub/session/c0050fe3-c868-4026-9c8e-6d1598708720/element/00000000-0000-0220-ffff-ffff00000110/location [39m[32m200[39m [90m346 ms - 79[39m
[35m[HTTP][39m [90m[39m
[35m[HTTP][39m [37m-->[39m [37mPOST[39m [37m/wd/hub/session/c0050fe3-c868-4026-9c8e-6d1598708720/timeouts[39m
[35m[HTTP][39m [90m{"implicit":30000}[39m
[35m[HTTP][39m [37m<-- POST /wd/hub/session/c0050fe3-c868-4026-9c8e-6d1598708720/timeouts [39m[32m200[39m [90m3 ms - 14[39m
[35m[HTTP][39m [90m[39m
[35m[HTTP][39m [37m-->[39m [37mPOST[39m [37m/wd/hub/session/c0050fe3-c868-4026-9c8e-6d1598708720/element/00000000-0000-0220-ffff-ffff00000110/click[39m
[35m[HTTP][39m [90m{"id":"00000000-0000-0220-ffff-ffff00000110"}[39m
[35m[HTTP][39m [37m<-- POST /wd/hub/session/c0050fe3-c868-4026-9c8e-6d1598708720/element/00000000-0000-0220-ffff-ffff00000110/click [39m[32m200[39m [90m176 ms - 14[39m
[35m[HTTP][39m [90m[39m
[35m[HTTP][39m [37m-->[39m [37mPOST[39m [37m/wd/hub/session/c0050fe3-c868-4026-9c8e-6d1598708720/timeouts[39m
[35m[HTTP][39m [90m{"implicit":50}[39m
[35m[HTTP][39m [37m<-- POST /wd/hub/session/c0050fe3-c868-4026-9c8e-6d1598708720/timeouts [39m[32m200[39m [90m4 ms - 14[39m
[35m[HTTP][39m [90m[39m
[35m[HTTP][39m [37m-->[39m [37mGET[39m [37m/wd/hub/session/c0050fe3-c868-4026-9c8e-6d1598708720/window/rect[39m
[35m[HTTP][39m [90m{}[39m
[35m[HTTP][39m [37m<-- GET /wd/hub/session/c0050fe3-c868-4026-9c8e-6d1598708720/window/rect [39m[32m200[39m [90m41 ms - 50[39m
[35m[HTTP][39m [90m[39m
[35m[HTTP][39m [37m-->[39m [37mPOST[39m [37m/wd/hub/session/c0050fe3-c868-4026-9c8e-6d1598708720/elements[39m
[35m[HTTP][39m [90m{"using":"xpath","value":"//*[@class = 'android.widget.EditText' and (@text = 'Your Address' or . = 'Your Address') and @resource-id = 'com.solodroid.solomerce:id/edt_address']"}[39m
[35m[HTTP][39m [37m<-- POST /wd/hub/session/c0050fe3-c868-4026-9c8e-6d1598708720/elements [39m[32m200[39m [90m301 ms - 12[39m
[35m[HTTP][39m [90m[39m
[35m[HTTP][39m [37m-->[39m [37mPOST[39m [37m/wd/hub/session/c0050fe3-c868-4026-9c8e-6d1598708720/elements[39m
[35m[HTTP][39m [90m{"using":"xpath","value":"//*[@class = 'android.widget.EditText' and (@text = 'Your Address' or . = 'Your Address') and @resource-id = 'com.solodroid.solomerce:id/edt_address']"}[39m
[35m[HTTP][39m [37m<-- POST /wd/hub/session/c0050fe3-c868-4026-9c8e-6d1598708720/elements [39m[32m200[39m [90m1064 ms - 12[39m
[35m[HTTP][39m [90m[39m
[35m[HTTP][39m [37m-->[39m [37mPOST[39m [37m/wd/hub/session/c0050fe3-c868-4026-9c8e-6d1598708720/elements[39m
[35m[HTTP][39m [90m{"using":"xpath","value":"//*[@class = 'android.widget.EditText' and (@text = 'Your Address' or . = 'Your Address') and @resource-id = 'com.solodroid.solomerce:id/edt_address']"}[39m
[35m[HTTP][39m [37m<-- POST /wd/hub/session/c0050fe3-c868-4026-9c8e-6d1598708720/elements [39m[32m200[39m [90m894 ms - 139[39m
[35m[HTTP][39m [90m[39m
[35m[HTTP][39m [37m-->[39m [37mGET[39m [37m/wd/hub/session/c0050fe3-c868-4026-9c8e-6d1598708720/element/00000000-0000-0221-ffff-ffff0000015a/location[39m
[35m[HTTP][39m [90m{}[39m
[35m[W3C (c0050fe3)][39m Driver proxy active, passing request on via HTTP proxy
[35m[WD Proxy][39m Replacing sessionId 08aa89b7-d7e9-47c4-8818-4de9812a79a5 with c0050fe3-c868-4026-9c8e-6d1598708720
[35m[HTTP][39m [37m<-- GET /wd/hub/session/c0050fe3-c868-4026-9c8e-6d1598708720/element/00000000-0000-0221-ffff-ffff0000015a/location [39m[32m200[39m [90m18 ms - 77[39m
[35m[HTTP][39m [90m[39m
[35m[HTTP][39m [37m-->[39m [37mPOST[39m [37m/wd/hub/session/c0050fe3-c868-4026-9c8e-6d1598708720/timeouts[39m
[35m[HTTP][39m [90m{"implicit":30000}[39m
[35m[HTTP][39m [37m<-- POST /wd/hub/session/c0050fe3-c868-4026-9c8e-6d1598708720/timeouts [39m[32m200[39m [90m2 ms - 14[39m
[35m[HTTP][39m [90m[39m
[35m[HTTP][39m [37m-->[39m [37mPOST[39m [37m/wd/hub/session/c0050fe3-c868-4026-9c8e-6d1598708720/element/00000000-0000-0221-ffff-ffff0000015a/clear[39m
[35m[HTTP][39m [90m{"id":"00000000-0000-0221-ffff-ffff0000015a"}[39m
[35m[HTTP][39m [37m<-- POST /wd/hub/session/c0050fe3-c868-4026-9c8e-6d1598708720/element/00000000-0000-0221-ffff-ffff0000015a/clear [39m[32m200[39m [90m21 ms - 14[39m
[35m[HTTP][39m [90m[39m
[35m[HTTP][39m [37m-->[39m [37mPOST[39m [37m/wd/hub/session/c0050fe3-c868-4026-9c8e-6d1598708720/element/00000000-0000-0221-ffff-ffff0000015a/value[39m
[35m[HTTP][39m [90m{"id":"00000000-0000-0221-ffff-ffff0000015a","text":"Address","value":["A","d","d","r","e","s","s"]}[39m
[35m[HTTP][39m [37m<-- POST /wd/hub/session/c0050fe3-c868-4026-9c8e-6d1598708720/element/00000000-0000-0221-ffff-ffff0000015a/value [39m[32m200[39m [90m567 ms - 14[39m
[35m[HTTP][39m [90m[39m
[35m[HTTP][39m [37m-->[39m [37mPOST[39m [37m/wd/hub/session/c0050fe3-c868-4026-9c8e-6d1598708720/timeouts[39m
[35m[HTTP][39m [90m{"implicit":50}[39m
[35m[HTTP][39m [37m<-- POST /wd/hub/session/c0050fe3-c868-4026-9c8e-6d1598708720/timeouts [39m[32m200[39m [90m4 ms - 14[39m
[35m[HTTP][39m [90m[39m
[35m[HTTP][39m [37m-->[39m [37mGET[39m [37m/wd/hub/session/c0050fe3-c868-4026-9c8e-6d1598708720/window/rect[39m
[35m[HTTP][39m [90m{}[39m
[35m[HTTP][39m [37m<-- GET /wd/hub/session/c0050fe3-c868-4026-9c8e-6d1598708720/window/rect [39m[32m200[39m [90m38 ms - 50[39m
[35m[HTTP][39m [90m[39m
[35m[HTTP][39m [37m-->[39m [37mPOST[39m [37m/wd/hub/session/c0050fe3-c868-4026-9c8e-6d1598708720/elements[39m
[35m[HTTP][39m [90m{"using":"xpath","value":"//*[@class = 'android.widget.Button' and (@text = 'PROCESS CHECKOUT' or . = 'PROCESS CHECKOUT') and @resource-id = 'com.solodroid.solomerce:id/btn_submit_order']"}[39m
[35m[HTTP][39m [37m<-- POST /wd/hub/session/c0050fe3-c868-4026-9c8e-6d1598708720/elements [39m[32m200[39m [90m337 ms - 139[39m
[35m[HTTP][39m [90m[39m
[35m[HTTP][39m [37m-->[39m [37mGET[39m [37m/wd/hub/session/c0050fe3-c868-4026-9c8e-6d1598708720/element/00000000-0000-0221-ffff-ffff00000197/location[39m
[35m[HTTP][39m [90m{}[39m
[35m[W3C (c0050fe3)][39m Driver proxy active, passing request on via HTTP proxy
[35m[WD Proxy][39m Replacing sessionId 08aa89b7-d7e9-47c4-8818-4de9812a79a5 with c0050fe3-c868-4026-9c8e-6d1598708720
[35m[HTTP][39m [37m<-- GET /wd/hub/session/c0050fe3-c868-4026-9c8e-6d1598708720/element/00000000-0000-0221-ffff-ffff00000197/location [39m[32m200[39m [90m19 ms - 77[39m
[35m[HTTP][39m [90m[39m
[35m[HTTP][39m [37m-->[39m [37mPOST[39m [37m/wd/hub/session/c0050fe3-c868-4026-9c8e-6d1598708720/timeouts[39m
[35m[HTTP][39m [90m{"implicit":30000}[39m
[35m[HTTP][39m [37m<-- POST /wd/hub/session/c0050fe3-c868-4026-9c8e-6d1598708720/timeouts [39m[32m200[39m [90m2 ms - 14[39m
[35m[HTTP][39m [90m[39m
[35m[HTTP][39m [37m-->[39m [37mPOST[39m [37m/wd/hub/session/c0050fe3-c868-4026-9c8e-6d1598708720/element/00000000-0000-0221-ffff-ffff00000197/click[39m
[35m[HTTP][39m [90m{"id":"00000000-0000-0221-ffff-ffff00000197"}[39m
[35m[HTTP][39m [37m<-- POST /wd/hub/session/c0050fe3-c868-4026-9c8e-6d1598708720/element/00000000-0000-0221-ffff-ffff00000197/click [39m[32m200[39m [90m109 ms - 14[39m
[35m[HTTP][39m [90m[39m
[35m[HTTP][39m [37m-->[39m [37mPOST[39m [37m/wd/hub/session/c0050fe3-c868-4026-9c8e-6d1598708720/timeouts[39m
[35m[HTTP][39m [90m{"implicit":50}[39m
[35m[HTTP][39m [37m<-- POST /wd/hub/session/c0050fe3-c868-4026-9c8e-6d1598708720/timeouts [39m[32m200[39m [90m2 ms - 14[39m
[35m[HTTP][39m [90m[39m
[35m[HTTP][39m [37m-->[39m [37mGET[39m [37m/wd/hub/session/c0050fe3-c868-4026-9c8e-6d1598708720/window/rect[39m
[35m[HTTP][39m [90m{}[39m
[35m[HTTP][39m [37m<-- GET /wd/hub/session/c0050fe3-c868-4026-9c8e-6d1598708720/window/rect [39m[32m200[39m [90m93 ms - 50[39m
[35m[HTTP][39m [90m[39m
[35m[HTTP][39m [37m-->[39m [37mPOST[39m [37m/wd/hub/session/c0050fe3-c868-4026-9c8e-6d1598708720/elements[39m
[35m[HTTP][39m [90m{"using":"xpath","value":"//*[@class = 'android.widget.Button' and (@text = 'YES' or . = 'YES') and @resource-id = 'android:id/button1']"}[39m
[35m[HTTP][39m [37m<-- POST /wd/hub/session/c0050fe3-c868-4026-9c8e-6d1598708720/elements [39m[32m200[39m [90m608 ms - 12[39m
[35m[HTTP][39m [90m[39m
[35m[HTTP][39m [37m-->[39m [37mPOST[39m [37m/wd/hub/session/c0050fe3-c868-4026-9c8e-6d1598708720/elements[39m
[35m[HTTP][39m [90m{"using":"xpath","value":"//*[@class = 'android.widget.Button' and (@text = 'YES' or . = 'YES') and @resource-id = 'android:id/button1']"}[39m
[35m[HTTP][39m [37m<-- POST /wd/hub/session/c0050fe3-c868-4026-9c8e-6d1598708720/elements [39m[32m200[39m [90m461 ms - 139[39m
[35m[HTTP][39m [90m[39m
[35m[HTTP][39m [37m-->[39m [37mGET[39m [37m/wd/hub/session/c0050fe3-c868-4026-9c8e-6d1598708720/element/00000000-0000-0222-ffff-ffff000001b1/location[39m
[35m[HTTP][39m [90m{}[39m
[35m[W3C (c0050fe3)][39m Driver proxy active, passing request on via HTTP proxy
[35m[WD Proxy][39m Replacing sessionId 08aa89b7-d7e9-47c4-8818-4de9812a79a5 with c0050fe3-c868-4026-9c8e-6d1598708720
[35m[HTTP][39m [37m<-- GET /wd/hub/session/c0050fe3-c868-4026-9c8e-6d1598708720/element/00000000-0000-0222-ffff-ffff000001b1/location [39m[32m200[39m [90m19 ms - 79[39m
[35m[HTTP][39m [90m[39m
[35m[HTTP][39m [37m-->[39m [37mPOST[39m [37m/wd/hub/session/c0050fe3-c868-4026-9c8e-6d1598708720/timeouts[39m
[35m[HTTP][39m [90m{"implicit":30000}[39m
[35m[HTTP][39m [37m<-- POST /wd/hub/session/c0050fe3-c868-4026-9c8e-6d1598708720/timeouts [39m[32m200[39m [90m1 ms - 14[39m
[35m[HTTP][39m [90m[39m
[35m[HTTP][39m [37m-->[39m [37mPOST[39m [37m/wd/hub/session/c0050fe3-c868-4026-9c8e-6d1598708720/element/00000000-0000-0222-ffff-ffff000001b1/click[39m
[35m[HTTP][39m [90m{"id":"00000000-0000-0222-ffff-ffff000001b1"}[39m
[35m[HTTP][39m [37m<-- POST /wd/hub/session/c0050fe3-c868-4026-9c8e-6d1598708720/element/00000000-0000-0222-ffff-ffff000001b1/click [39m[32m200[39m [90m109 ms - 14[39m
[35m[HTTP][39m [90m[39m
[35m[HTTP][39m [37m-->[39m [37mPOST[39m [37m/wd/hub/session/c0050fe3-c868-4026-9c8e-6d1598708720/timeouts[39m
[35m[HTTP][39m [90m{"implicit":50}[39m
[35m[HTTP][39m [37m<-- POST /wd/hub/session/c0050fe3-c868-4026-9c8e-6d1598708720/timeouts [39m[32m200[39m [90m2 ms - 14[39m
[35m[HTTP][39m [90m[39m
[35m[HTTP][39m [37m-->[39m [37mGET[39m [37m/wd/hub/session/c0050fe3-c868-4026-9c8e-6d1598708720/window/rect[39m
[35m[HTTP][39m [90m{}[39m
[35m[HTTP][39m [37m<-- GET /wd/hub/session/c0050fe3-c868-4026-9c8e-6d1598708720/window/rect [39m[32m200[39m [90m75 ms - 50[39m
[35m[HTTP][39m [90m[39m
[35m[HTTP][39m [37m-->[39m [37mPOST[39m [37m/wd/hub/session/c0050fe3-c868-4026-9c8e-6d1598708720/elements[39m
[35m[HTTP][39m [90m{"using":"xpath","value":"//*[@class = 'android.widget.Button' and (@text = 'OK' or . = 'OK') and @resource-id = 'android:id/button1']"}[39m
[35m[HTTP][39m [37m<-- POST /wd/hub/session/c0050fe3-c868-4026-9c8e-6d1598708720/elements [39m[32m200[39m [90m634 ms - 12[39m
[35m[HTTP][39m [90m[39m
[35m[HTTP][39m [37m-->[39m [37mPOST[39m [37m/wd/hub/session/c0050fe3-c868-4026-9c8e-6d1598708720/elements[39m
[35m[HTTP][39m [90m{"using":"xpath","value":"//*[@class = 'android.widget.Button' and (@text = 'OK' or . = 'OK') and @resource-id = 'android:id/button1']"}[39m
[35m[HTTP][39m [37m<-- POST /wd/hub/session/c0050fe3-c868-4026-9c8e-6d1598708720/elements [39m[32m200[39m [90m175 ms - 12[39m
[35m[HTTP][39m [90m[39m
[35m[HTTP][39m [37m-->[39m [37mPOST[39m [37m/wd/hub/session/c0050fe3-c868-4026-9c8e-6d1598708720/elements[39m
[35m[HTTP][39m [90m{"using":"xpath","value":"//*[@class = 'android.widget.Button' and (@text = 'OK' or . = 'OK') and @resource-id = 'android:id/button1']"}[39m
[35m[HTTP][39m [37m<-- POST /wd/hub/session/c0050fe3-c868-4026-9c8e-6d1598708720/elements [39m[32m200[39m [90m173 ms - 12[39m
[35m[HTTP][39m [90m[39m
[35m[HTTP][39m [37m-->[39m [37mPOST[39m [37m/wd/hub/session/c0050fe3-c868-4026-9c8e-6d1598708720/elements[39m
[35m[HTTP][39m [90m{"using":"xpath","value":"//*[@class = 'android.widget.Button' and (@text = 'OK' or . = 'OK') and @resource-id = 'android:id/button1']"}[39m
[35m[HTTP][39m [37m<-- POST /wd/hub/session/c0050fe3-c868-4026-9c8e-6d1598708720/elements [39m[32m200[39m [90m155 ms - 12[39m
[35m[HTTP][39m [90m[39m
[35m[HTTP][39m [37m-->[39m [37mPOST[39m [37m/wd/hub/session/c0050fe3-c868-4026-9c8e-6d1598708720/elements[39m
[35m[HTTP][39m [90m{"using":"xpath","value":"//*[@class = 'android.widget.Button' and (@text = 'OK' or . = 'OK') and @resource-id = 'android:id/button1']"}[39m
[35m[HTTP][39m [37m<-- POST /wd/hub/session/c0050fe3-c868-4026-9c8e-6d1598708720/elements [39m[32m200[39m [90m219 ms - 12[39m
[35m[HTTP][39m [90m[39m
[35m[HTTP][39m [37m-->[39m [37mPOST[39m [37m/wd/hub/session/c0050fe3-c868-4026-9c8e-6d1598708720/elements[39m
[35m[HTTP][39m [90m{"using":"xpath","value":"//*[@class = 'android.widget.Button' and (@text = 'OK' or . = 'OK') and @resource-id = 'android:id/button1']"}[39m
[35m[HTTP][39m [37m<-- POST /wd/hub/session/c0050fe3-c868-4026-9c8e-6d1598708720/elements [39m[32m200[39m [90m168 ms - 12[39m
[35m[HTTP][39m [90m[39m
[35m[HTTP][39m [37m-->[39m [37mPOST[39m [37m/wd/hub/session/c0050fe3-c868-4026-9c8e-6d1598708720/elements[39m
[35m[HTTP][39m [90m{"using":"xpath","value":"//*[@class = 'android.widget.Button' and (@text = 'OK' or . = 'OK') and @resource-id = 'android:id/button1']"}[39m
[35m[HTTP][39m [37m<-- POST /wd/hub/session/c0050fe3-c868-4026-9c8e-6d1598708720/elements [39m[32m200[39m [90m104 ms - 12[39m
[35m[HTTP][39m [90m[39m
[35m[HTTP][39m [37m-->[39m [37mPOST[39m [37m/wd/hub/session/c0050fe3-c868-4026-9c8e-6d1598708720/elements[39m
[35m[HTTP][39m [90m{"using":"xpath","value":"//*[@class = 'android.widget.Button' and (@text = 'OK' or . = 'OK') and @resource-id = 'android:id/button1']"}[39m
[35m[HTTP][39m [37m<-- POST /wd/hub/session/c0050fe3-c868-4026-9c8e-6d1598708720/elements [39m[32m200[39m [90m107 ms - 12[39m
[35m[HTTP][39m [90m[39m
[35m[HTTP][39m [37m-->[39m [37mPOST[39m [37m/wd/hub/session/c0050fe3-c868-4026-9c8e-6d1598708720/elements[39m
[35m[HTTP][39m [90m{"using":"xpath","value":"//*[@class = 'android.widget.Button' and (@text = 'OK' or . = 'OK') and @resource-id = 'android:id/button1']"}[39m
[35m[HTTP][39m [37m<-- POST /wd/hub/session/c0050fe3-c868-4026-9c8e-6d1598708720/elements [39m[32m200[39m [90m136 ms - 12[39m
[35m[HTTP][39m [90m[39m
[35m[HTTP][39m [37m-->[39m [37mPOST[39m [37m/wd/hub/session/c0050fe3-c868-4026-9c8e-6d1598708720/elements[39m
[35m[HTTP][39m [90m{"using":"xpath","value":"//*[@class = 'android.widget.Button' and (@text = 'OK' or . = 'OK') and @resource-id = 'android:id/button1']"}[39m
[35m[HTTP][39m [37m<-- POST /wd/hub/session/c0050fe3-c868-4026-9c8e-6d1598708720/elements [39m[32m200[39m [90m123 ms - 12[39m
[35m[HTTP][39m [90m[39m
[35m[HTTP][39m [37m-->[39m [37mPOST[39m [37m/wd/hub/session/c0050fe3-c868-4026-9c8e-6d1598708720/elements[39m
[35m[HTTP][39m [90m{"using":"xpath","value":"//*[@class = 'android.widget.Button' and (@text = 'OK' or . = 'OK') and @resource-id = 'android:id/button1']"}[39m
[35m[HTTP][39m [37m<-- POST /wd/hub/session/c0050fe3-c868-4026-9c8e-6d1598708720/elements [39m[32m200[39m [90m121 ms - 12[39m
[35m[HTTP][39m [90m[39m
[35m[HTTP][39m [37m-->[39m [37mPOST[39m [37m/wd/hub/session/c0050fe3-c868-4026-9c8e-6d1598708720/elements[39m
[35m[HTTP][39m [90m{"using":"xpath","value":"//*[@class = 'android.widget.Button' and (@text = 'OK' or . = 'OK') and @resource-id = 'android:id/button1']"}[39m
[35m[HTTP][39m [37m<-- POST /wd/hub/session/c0050fe3-c868-4026-9c8e-6d1598708720/elements [39m[32m200[39m [90m153 ms - 12[39m
[35m[HTTP][39m [90m[39m
[35m[HTTP][39m [37m-->[39m [37mPOST[39m [37m/wd/hub/session/c0050fe3-c868-4026-9c8e-6d1598708720/elements[39m
[35m[HTTP][39m [90m{"using":"xpath","value":"//*[@class = 'android.widget.Button' and (@text = 'OK' or . = 'OK') and @resource-id = 'android:id/button1']"}[39m
[35m[HTTP][39m [37m<-- POST /wd/hub/session/c0050fe3-c868-4026-9c8e-6d1598708720/elements [39m[32m200[39m [90m134 ms - 12[39m
[35m[HTTP][39m [90m[39m
[35m[HTTP][39m [37m-->[39m [37mPOST[39m [37m/wd/hub/session/c0050fe3-c868-4026-9c8e-6d1598708720/elements[39m
[35m[HTTP][39m [90m{"using":"xpath","value":"//*[@class = 'android.widget.Button' and (@text = 'OK' or . = 'OK') and @resource-id = 'android:id/button1']"}[39m
[35m[HTTP][39m [37m<-- POST /wd/hub/session/c0050fe3-c868-4026-9c8e-6d1598708720/elements [39m[32m200[39m [90m125 ms - 12[39m
[35m[HTTP][39m [90m[39m
[35m[HTTP][39m [37m-->[39m [37mPOST[39m [37m/wd/hub/session/c0050fe3-c868-4026-9c8e-6d1598708720/elements[39m
[35m[HTTP][39m [90m{"using":"xpath","value":"//*[@class = 'android.widget.Button' and (@text = 'OK' or . = 'OK') and @resource-id = 'android:id/button1']"}[39m
[35m[HTTP][39m [37m<-- POST /wd/hub/session/c0050fe3-c868-4026-9c8e-6d1598708720/elements [39m[32m200[39m [90m142 ms - 12[39m
[35m[HTTP][39m [90m[39m
[35m[HTTP][39m [37m-->[39m [37mPOST[39m [37m/wd/hub/session/c0050fe3-c868-4026-9c8e-6d1598708720/elements[39m
[35m[HTTP][39m [90m{"using":"xpath","value":"//*[@class = 'android.widget.Button' and (@text = 'OK' or . = 'OK') and @resource-id = 'android:id/button1']"}[39m
[35m[HTTP][39m [37m<-- POST /wd/hub/session/c0050fe3-c868-4026-9c8e-6d1598708720/elements [39m[32m200[39m [90m167 ms - 12[39m
[35m[HTTP][39m [90m[39m
[35m[HTTP][39m [37m-->[39m [37mPOST[39m [37m/wd/hub/session/c0050fe3-c868-4026-9c8e-6d1598708720/elements[39m
[35m[HTTP][39m [90m{"using":"xpath","value":"//*[@class = 'android.widget.Button' and (@text = 'OK' or . = 'OK') and @resource-id = 'android:id/button1']"}[39m
[35m[HTTP][39m [37m<-- POST /wd/hub/session/c0050fe3-c868-4026-9c8e-6d1598708720/elements [39m[32m200[39m [90m109 ms - 12[39m
[35m[HTTP][39m [90m[39m
[35m[HTTP][39m [37m-->[39m [37mPOST[39m [37m/wd/hub/session/c0050fe3-c868-4026-9c8e-6d1598708720/elements[39m
[35m[HTTP][39m [90m{"using":"xpath","value":"//*[@class = 'android.widget.Button' and (@text = 'OK' or . = 'OK') and @resource-id = 'android:id/button1']"}[39m
[35m[HTTP][39m [37m<-- POST /wd/hub/session/c0050fe3-c868-4026-9c8e-6d1598708720/elements [39m[32m200[39m [90m129 ms - 12[39m
[35m[HTTP][39m [90m[39m
[35m[HTTP][39m [37m-->[39m [37mPOST[39m [37m/wd/hub/session/c0050fe3-c868-4026-9c8e-6d1598708720/elements[39m
[35m[HTTP][39m [90m{"using":"xpath","value":"//*[@class = 'android.widget.Button' and (@text = 'OK' or . = 'OK') and @resource-id = 'android:id/button1']"}[39m
[35m[HTTP][39m [37m<-- POST /wd/hub/session/c0050fe3-c868-4026-9c8e-6d1598708720/elements [39m[32m200[39m [90m120 ms - 12[39m
[35m[HTTP][39m [90m[39m
[35m[HTTP][39m [37m-->[39m [37mPOST[39m [37m/wd/hub/session/c0050fe3-c868-4026-9c8e-6d1598708720/elements[39m
[35m[HTTP][39m [90m{"using":"xpath","value":"//*[@class = 'android.widget.Button' and (@text = 'OK' or . = 'OK') and @resource-id = 'android:id/button1']"}[39m
[35m[HTTP][39m [37m<-- POST /wd/hub/session/c0050fe3-c868-4026-9c8e-6d1598708720/elements [39m[32m200[39m [90m129 ms - 12[39m
[35m[HTTP][39m [90m[39m
[35m[HTTP][39m [37m-->[39m [37mPOST[39m [37m/wd/hub/session/c0050fe3-c868-4026-9c8e-6d1598708720/elements[39m
[35m[HTTP][39m [90m{"using":"xpath","value":"//*[@class = 'android.widget.Button' and (@text = 'OK' or . = 'OK') and @resource-id = 'android:id/button1']"}[39m
[35m[HTTP][39m [37m<-- POST /wd/hub/session/c0050fe3-c868-4026-9c8e-6d1598708720/elements [39m[32m200[39m [90m102 ms - 12[39m
[35m[HTTP][39m [90m[39m
[35m[HTTP][39m [37m-->[39m [37mPOST[39m [37m/wd/hub/session/c0050fe3-c868-4026-9c8e-6d1598708720/elements[39m
[35m[HTTP][39m [90m{"using":"xpath","value":"//*[@class = 'android.widget.Button' and (@text = 'OK' or . = 'OK') and @resource-id = 'android:id/button1']"}[39m
[35m[HTTP][39m [37m<-- POST /wd/hub/session/c0050fe3-c868-4026-9c8e-6d1598708720/elements [39m[32m200[39m [90m131 ms - 12[39m
[35m[HTTP][39m [90m[39m
[35m[HTTP][39m [37m-->[39m [37mPOST[39m [37m/wd/hub/session/c0050fe3-c868-4026-9c8e-6d1598708720/elements[39m
[35m[HTTP][39m [90m{"using":"xpath","value":"//*[@class = 'android.widget.Button' and (@text = 'OK' or . = 'OK') and @resource-id = 'android:id/button1']"}[39m
[35m[HTTP][39m [37m<-- POST /wd/hub/session/c0050fe3-c868-4026-9c8e-6d1598708720/elements [39m[32m200[39m [90m103 ms - 12[39m
[35m[HTTP][39m [90m[39m
[35m[HTTP][39m [37m-->[39m [37mPOST[39m [37m/wd/hub/session/c0050fe3-c868-4026-9c8e-6d1598708720/elements[39m
[35m[HTTP][39m [90m{"using":"xpath","value":"//*[@class = 'android.widget.Button' and (@text = 'OK' or . = 'OK') and @resource-id = 'android:id/button1']"}[39m
[35m[HTTP][39m [37m<-- POST /wd/hub/session/c0050fe3-c868-4026-9c8e-6d1598708720/elements [39m[32m200[39m [90m113 ms - 12[39m
[35m[HTTP][39m [90m[39m
[35m[HTTP][39m [37m-->[39m [37mPOST[39m [37m/wd/hub/session/c0050fe3-c868-4026-9c8e-6d1598708720/elements[39m
[35m[HTTP][39m [90m{"using":"xpath","value":"//*[@class = 'android.widget.Button' and (@text = 'OK' or . = 'OK') and @resource-id = 'android:id/button1']"}[39m
[35m[HTTP][39m [37m<-- POST /wd/hub/session/c0050fe3-c868-4026-9c8e-6d1598708720/elements [39m[32m200[39m [90m117 ms - 12[39m
[35m[HTTP][39m [90m[39m
[35m[HTTP][39m [37m-->[39m [37mPOST[39m [37m/wd/hub/session/c0050fe3-c868-4026-9c8e-6d1598708720/elements[39m
[35m[HTTP][39m [90m{"using":"xpath","value":"//*[@class = 'android.widget.Button' and (@text = 'OK' or . = 'OK') and @resource-id = 'android:id/button1']"}[39m
[35m[HTTP][39m [37m<-- POST /wd/hub/session/c0050fe3-c868-4026-9c8e-6d1598708720/elements [39m[32m200[39m [90m106 ms - 12[39m
[35m[HTTP][39m [90m[39m
[35m[HTTP][39m [37m-->[39m [37mPOST[39m [37m/wd/hub/session/c0050fe3-c868-4026-9c8e-6d1598708720/elements[39m
[35m[HTTP][39m [90m{"using":"xpath","value":"//*[@class = 'android.widget.Button' and (@text = 'OK' or . = 'OK') and @resource-id = 'android:id/button1']"}[39m
[35m[HTTP][39m [37m<-- POST /wd/hub/session/c0050fe3-c868-4026-9c8e-6d1598708720/elements [39m[32m200[39m [90m132 ms - 12[39m
[35m[HTTP][39m [90m[39m
[35m[HTTP][39m [37m-->[39m [37mPOST[39m [37m/wd/hub/session/c0050fe3-c868-4026-9c8e-6d1598708720/elements[39m
[35m[HTTP][39m [90m{"using":"xpath","value":"//*[@class = 'android.widget.Button' and (@text = 'OK' or . = 'OK') and @resource-id = 'android:id/button1']"}[39m
[35m[HTTP][39m [37m<-- POST /wd/hub/session/c0050fe3-c868-4026-9c8e-6d1598708720/elements [39m[32m200[39m [90m154 ms - 12[39m
[35m[HTTP][39m [90m[39m
[35m[HTTP][39m [37m-->[39m [37mPOST[39m [37m/wd/hub/session/c0050fe3-c868-4026-9c8e-6d1598708720/elements[39m
[35m[HTTP][39m [90m{"using":"xpath","value":"//*[@class = 'android.widget.Button' and (@text = 'OK' or . = 'OK') and @resource-id = 'android:id/button1']"}[39m
[35m[HTTP][39m [37m<-- POST /wd/hub/session/c0050fe3-c868-4026-9c8e-6d1598708720/elements [39m[32m200[39m [90m138 ms - 12[39m
[35m[HTTP][39m [90m[39m
[35m[HTTP][39m [37m-->[39m [37mPOST[39m [37m/wd/hub/session/c0050fe3-c868-4026-9c8e-6d1598708720/elements[39m
[35m[HTTP][39m [90m{"using":"xpath","value":"//*[@class = 'android.widget.Button' and (@text = 'OK' or . = 'OK') and @resource-id = 'android:id/button1']"}[39m
[35m[HTTP][39m [37m<-- POST /wd/hub/session/c0050fe3-c868-4026-9c8e-6d1598708720/elements [39m[32m200[39m [90m91 ms - 12[39m
[35m[HTTP][39m [90m[39m
[35m[HTTP][39m [37m-->[39m [37mPOST[39m [37m/wd/hub/session/c0050fe3-c868-4026-9c8e-6d1598708720/elements[39m
[35m[HTTP][39m [90m{"using":"xpath","value":"//*[@class = 'android.widget.Button' and (@text = 'OK' or . = 'OK') and @resource-id = 'android:id/button1']"}[39m
[35m[HTTP][39m [37m<-- POST /wd/hub/session/c0050fe3-c868-4026-9c8e-6d1598708720/elements [39m[32m200[39m [90m92 ms - 12[39m
[35m[HTTP][39m [90m[39m
[35m[HTTP][39m [37m-->[39m [37mPOST[39m [37m/wd/hub/session/c0050fe3-c868-4026-9c8e-6d1598708720/elements[39m
[35m[HTTP][39m [90m{"using":"xpath","value":"//*[@class = 'android.widget.Button' and (@text = 'OK' or . = 'OK') and @resource-id = 'android:id/button1']"}[39m
[35m[HTTP][39m [37m<-- POST /wd/hub/session/c0050fe3-c868-4026-9c8e-6d1598708720/elements [39m[32m200[39m [90m98 ms - 12[39m
[35m[HTTP][39m [90m[39m
[35m[HTTP][39m [37m-->[39m [37mPOST[39m [37m/wd/hub/session/c0050fe3-c868-4026-9c8e-6d1598708720/elements[39m
[35m[HTTP][39m [90m{"using":"xpath","value":"//*[@class = 'android.widget.Button' and (@text = 'OK' or . = 'OK') and @resource-id = 'android:id/button1']"}[39m
[35m[HTTP][39m [37m<-- POST /wd/hub/session/c0050fe3-c868-4026-9c8e-6d1598708720/elements [39m[32m200[39m [90m121 ms - 12[39m
[35m[HTTP][39m [90m[39m
[35m[HTTP][39m [37m-->[39m [37mPOST[39m [37m/wd/hub/session/c0050fe3-c868-4026-9c8e-6d1598708720/elements[39m
[35m[HTTP][39m [90m{"using":"xpath","value":"//*[@class = 'android.widget.Button' and (@text = 'OK' or . = 'OK') and @resource-id = 'android:id/button1']"}[39m
[35m[HTTP][39m [37m<-- POST /wd/hub/session/c0050fe3-c868-4026-9c8e-6d1598708720/elements [39m[32m200[39m [90m92 ms - 12[39m
[35m[HTTP][39m [90m[39m
[35m[HTTP][39m [37m-->[39m [37mPOST[39m [37m/wd/hub/session/c0050fe3-c868-4026-9c8e-6d1598708720/elements[39m
[35m[HTTP][39m [90m{"using":"xpath","value":"//*[@class = 'android.widget.Button' and (@text = 'OK' or . = 'OK') and @resource-id = 'android:id/button1']"}[39m
[35m[HTTP][39m [37m<-- POST /wd/hub/session/c0050fe3-c868-4026-9c8e-6d1598708720/elements [39m[32m200[39m [90m92 ms - 12[39m
[35m[HTTP][39m [90m[39m
[35m[HTTP][39m [37m-->[39m [37mPOST[39m [37m/wd/hub/session/c0050fe3-c868-4026-9c8e-6d1598708720/elements[39m
[35m[HTTP][39m [90m{"using":"xpath","value":"//*[@class = 'android.widget.Button' and (@text = 'OK' or . = 'OK') and @resource-id = 'android:id/button1']"}[39m
[35m[HTTP][39m [37m<-- POST /wd/hub/session/c0050fe3-c868-4026-9c8e-6d1598708720/elements [39m[32m200[39m [90m96 ms - 12[39m
[35m[HTTP][39m [90m[39m
[35m[HTTP][39m [37m-->[39m [37mPOST[39m [37m/wd/hub/session/c0050fe3-c868-4026-9c8e-6d1598708720/elements[39m
[35m[HTTP][39m [90m{"using":"xpath","value":"//*[@class = 'android.widget.Button' and (@text = 'OK' or . = 'OK') and @resource-id = 'android:id/button1']"}[39m
[35m[HTTP][39m [37m<-- POST /wd/hub/session/c0050fe3-c868-4026-9c8e-6d1598708720/elements [39m[32m200[39m [90m101 ms - 12[39m
[35m[HTTP][39m [90m[39m
[35m[HTTP][39m [37m-->[39m [37mPOST[39m [37m/wd/hub/session/c0050fe3-c868-4026-9c8e-6d1598708720/elements[39m
[35m[HTTP][39m [90m{"using":"xpath","value":"//*[@class = 'android.widget.Button' and (@text = 'OK' or . = 'OK') and @resource-id = 'android:id/button1']"}[39m
[35m[HTTP][39m [37m<-- POST /wd/hub/session/c0050fe3-c868-4026-9c8e-6d1598708720/elements [39m[32m200[39m [90m131 ms - 12[39m
[35m[HTTP][39m [90m[39m
[35m[HTTP][39m [37m-->[39m [37mPOST[39m [37m/wd/hub/session/c0050fe3-c868-4026-9c8e-6d1598708720/elements[39m
[35m[HTTP][39m [90m{"using":"xpath","value":"//*[@class = 'android.widget.Button' and (@text = 'OK' or . = 'OK') and @resource-id = 'android:id/button1']"}[39m
[35m[HTTP][39m [37m<-- POST /wd/hub/session/c0050fe3-c868-4026-9c8e-6d1598708720/elements [39m[32m200[39m [90m102 ms - 12[39m
[35m[HTTP][39m [90m[39m
[35m[HTTP][39m [37m-->[39m [37mPOST[39m [37m/wd/hub/session/c0050fe3-c868-4026-9c8e-6d1598708720/elements[39m
[35m[HTTP][39m [90m{"using":"xpath","value":"//*[@class = 'android.widget.Button' and (@text = 'OK' or . = 'OK') and @resource-id = 'android:id/button1']"}[39m
[35m[HTTP][39m [37m<-- POST /wd/hub/session/c0050fe3-c868-4026-9c8e-6d1598708720/elements [39m[32m200[39m [90m123 ms - 12[39m
[35m[HTTP][39m [90m[39m
[35m[HTTP][39m [37m-->[39m [37mPOST[39m [37m/wd/hub/session/c0050fe3-c868-4026-9c8e-6d1598708720/elements[39m
[35m[HTTP][39m [90m{"using":"xpath","value":"//*[@class = 'android.widget.Button' and (@text = 'OK' or . = 'OK') and @resource-id = 'android:id/button1']"}[39m
[35m[HTTP][39m [37m<-- POST /wd/hub/session/c0050fe3-c868-4026-9c8e-6d1598708720/elements [39m[32m200[39m [90m465 ms - 139[39m
[35m[HTTP][39m [90m[39m
[35m[HTTP][39m [37m-->[39m [37mGET[39m [37m/wd/hub/session/c0050fe3-c868-4026-9c8e-6d1598708720/element/00000000-0000-0224-ffff-ffff000001e3/location[39m
[35m[HTTP][39m [90m{}[39m
[35m[W3C (c0050fe3)][39m Driver proxy active, passing request on via HTTP proxy
[35m[WD Proxy][39m Replacing sessionId 08aa89b7-d7e9-47c4-8818-4de9812a79a5 with c0050fe3-c868-4026-9c8e-6d1598708720
[35m[HTTP][39m [37m<-- GET /wd/hub/session/c0050fe3-c868-4026-9c8e-6d1598708720/element/00000000-0000-0224-ffff-ffff000001e3/location [39m[32m200[39m [90m415 ms - 79[39m
[35m[HTTP][39m [90m[39m
[35m[HTTP][39m [37m-->[39m [37mPOST[39m [37m/wd/hub/session/c0050fe3-c868-4026-9c8e-6d1598708720/timeouts[39m
[35m[HTTP][39m [90m{"implicit":30000}[39m
[35m[HTTP][39m [37m<-- POST /wd/hub/session/c0050fe3-c868-4026-9c8e-6d1598708720/timeouts [39m[32m200[39m [90m1 ms - 14[39m
[35m[HTTP][39m [90m[39m
[35m[HTTP][39m [37m-->[39m [37mPOST[39m [37m/wd/hub/session/c0050fe3-c868-4026-9c8e-6d1598708720/element/00000000-0000-0224-ffff-ffff000001e3/click[39m
[35m[HTTP][39m [90m{"id":"00000000-0000-0224-ffff-ffff000001e3"}[39m
[35m[HTTP][39m [37m<-- POST /wd/hub/session/c0050fe3-c868-4026-9c8e-6d1598708720/element/00000000-0000-0224-ffff-ffff000001e3/click [39m[32m200[39m [90m99 ms - 14[39m
[35m[HTTP][39m [90m[39m
[35m[HTTP][39m [37m-->[39m [37mDELETE[39m [37m/wd/hub/session/c0050fe3-c868-4026-9c8e-6d1598708720[39m
[35m[HTTP][39m [90m{}[39m
[35m[Appium][39m Removing session c0050fe3-c868-4026-9c8e-6d1598708720 from our master session list
[35m[ADB][39m com.solodroid.solomerce was successfully uninstalled
[35m[UiAutomator2][39m Restoring hidden api policy to the device default configuration
[35m[HTTP][39m [37m<-- DELETE /wd/hub/session/c0050fe3-c868-4026-9c8e-6d1598708720 [39m[32m200[39m [90m3450 ms - 14[39m
[35m[HTTP][39m [90m[39m
